<?xml version="1.0" encoding="UTF-8"?>
<coverage generated="1782753935240" clover="3.2.0">
  <project timestamp="1782753935240" name="All files">
    <metrics statements="93" coveredstatements="59" conditionals="34" coveredconditionals="8" methods="8" coveredmethods="1" elements="135" coveredelements="68" complexity="0" loc="93" ncloc="93" packages="1" files="2" classes="2"/>
    <file name="app.js" path="F:\Dev\node.js\access-control-node-react\backend\app.js">
      <metrics statements="41" coveredstatements="22" conditionals="20" coveredconditionals="2" methods="7" coveredmethods="1"/>
      <line num="1" count="1" type="stmt"/>
      <line num="2" count="1" type="stmt"/>
      <line num="3" count="1" type="stmt"/>
      <line num="4" count="1" type="stmt"/>
      <line num="5" count="1" type="stmt"/>
      <line num="6" count="1" type="stmt"/>
      <line num="7" count="1" type="stmt"/>
      <line num="8" count="1" type="stmt"/>
      <line num="9" count="1" type="stmt"/>
      <line num="11" count="1" type="stmt"/>
      <line num="12" count="1" type="cond" truecount="1" falsecount="1"/>
      <line num="13" count="1" type="cond" truecount="1" falsecount="1"/>
      <line num="15" count="1" type="stmt"/>
      <line num="16" count="1" type="stmt"/>
      <line num="17" count="1" type="stmt"/>
      <line num="20" count="1" type="stmt"/>
      <line num="22" count="0" type="cond" truecount="0" falsecount="2"/>
      <line num="23" count="0" type="stmt"/>
      <line num="24" count="0" type="stmt"/>
      <line num="25" count="0" type="cond" truecount="0" falsecount="2"/>
      <line num="26" count="0" type="stmt"/>
      <line num="28" count="0" type="stmt"/>
      <line num="31" count="0" type="stmt"/>
      <line num="34" count="1" type="stmt"/>
      <line num="37" count="1" type="stmt"/>
      <line num="38" count="0" type="stmt"/>
      <line num="39" count="0" type="cond" truecount="0" falsecount="2"/>
      <line num="40" count="0" type="cond" truecount="0" falsecount="2"/>
      <line num="41" count="0" type="stmt"/>
      <line num="42" count="0" type="cond" truecount="0" falsecount="2"/>
      <line num="43" count="0" type="stmt"/>
      <line num="44" count="0" type="stmt"/>
      <line num="48" count="1" type="stmt"/>
      <line num="49" count="0" type="cond" truecount="0" falsecount="2"/>
      <line num="50" count="0" type="stmt"/>
      <line num="53" count="1" type="stmt"/>
      <line num="54" count="0" type="cond" truecount="0" falsecount="4"/>
      <line num="55" count="0" type="stmt"/>
      <line num="57" count="0" type="stmt"/>
      <line num="61" count="1" type="stmt"/>
      <line num="63" count="1" type="stmt"/>
    </file>
    <file name="db.js" path="F:\Dev\node.js\access-control-node-react\backend\db.js">
      <metrics statements="52" coveredstatements="37" conditionals="14" coveredconditionals="6" methods="1" coveredmethods="0"/>
      <line num="1" count="1" type="stmt"/>
      <line num="2" count="1" type="stmt"/>
      <line num="3" count="1" type="stmt"/>
      <line num="5" count="1" type="cond" truecount="2" falsecount="0"/>
      <line num="8" count="1" type="cond" truecount="1" falsecount="1"/>
      <line num="9" count="1" type="cond" truecount="2" falsecount="0"/>
      <line num="10" count="1" type="stmt"/>
      <line num="20" count="0" type="stmt"/>
      <line num="31" count="1" type="stmt"/>
      <line num="51" count="1" type="stmt"/>
      <line num="104" count="1" type="stmt"/>
      <line num="123" count="1" type="stmt"/>
      <line num="160" count="1" type="stmt"/>
      <line num="188" count="1" type="stmt"/>
      <line num="215" count="1" type="stmt"/>
      <line num="261" count="1" type="stmt"/>
      <line num="288" count="1" type="stmt"/>
      <line num="341" count="1" type="stmt"/>
      <line num="386" count="1" type="stmt"/>
      <line num="387" count="1" type="stmt"/>
      <line num="389" count="1" type="stmt"/>
      <line num="390" count="1" type="stmt"/>
      <line num="392" count="1" type="stmt"/>
      <line num="393" count="1" type="stmt"/>
      <line num="396" count="1" type="stmt"/>
      <line num="397" count="1" type="stmt"/>
      <line num="400" count="1" type="stmt"/>
      <line num="401" count="1" type="stmt"/>
      <line num="404" count="1" type="stmt"/>
      <line num="405" count="1" type="stmt"/>
      <line num="408" count="1" type="stmt"/>
      <line num="409" count="1" type="stmt"/>
      <line num="412" count="1" type="stmt"/>
      <line num="413" count="1" type="stmt"/>
      <line num="415" count="1" type="stmt"/>
      <line num="416" count="1" type="stmt"/>
      <line num="420" count="1" type="stmt"/>
      <line num="422" count="0" type="stmt"/>
      <line num="425" count="0" type="stmt"/>
      <line num="426" count="0" type="cond" truecount="0" falsecount="2"/>
      <line num="427" count="0" type="stmt"/>
      <line num="428" count="0" type="stmt"/>
      <line num="429" count="0" type="cond" truecount="0" falsecount="2"/>
      <line num="430" count="0" type="stmt"/>
      <line num="432" count="0" type="stmt"/>
      <line num="440" count="0" type="stmt"/>
      <line num="444" count="0" type="stmt"/>
      <line num="445" count="0" type="cond" truecount="0" falsecount="2"/>
      <line num="446" count="0" type="stmt"/>
      <line num="447" count="0" type="stmt"/>
      <line num="455" count="0" type="stmt"/>
      <line num="460" count="1" type="stmt"/>
    </file>
  </project>
</coverage>
