{"F:\\Dev\\node.js\\access-control-node-react\\backend\\app.js": {"path":"F:\\Dev\\node.js\\access-control-node-react\\backend\\app.js","statementMap":{"0":{"start":{"line":1,"column":16},"end":{"line":1,"column":34}},"1":{"start":{"line":2,"column":13},"end":{"line":2,"column":28}},"2":{"start":{"line":3,"column":12},"end":{"line":3,"column":35}},"3":{"start":{"line":4,"column":15},"end":{"line":4,"column":32}},"4":{"start":{"line":5,"column":11},"end":{"line":5,"column":26}},"5":{"start":{"line":6,"column":15},"end":{"line":6,"column":32}},"6":{"start":{"line":7,"column":13},"end":{"line":7,"column":28}},"7":{"start":{"line":8,"column":14},"end":{"line":8,"column":30}},"8":{"start":{"line":9,"column":0},"end":{"line":9,"column":27}},"9":{"start":{"line":11,"column":12},"end":{"line":11,"column":21}},"10":{"start":{"line":12,"column":13},"end":{"line":12,"column":37}},"11":{"start":{"line":13,"column":19},"end":{"line":13,"column":61}},"12":{"start":{"line":15,"column":0},"end":{"line":15,"column":16}},"13":{"start":{"line":16,"column":0},"end":{"line":16,"column":24}},"14":{"start":{"line":17,"column":0},"end":{"line":17,"column":69}},"15":{"start":{"line":20,"column":16},"end":{"line":33,"column":2}},"16":{"start":{"line":22,"column":19},"end":{"line":22,"column":48}},"17":{"start":{"line":23,"column":23},"end":{"line":23,"column":62}},"18":{"start":{"line":24,"column":15},"end":{"line":24,"column":28}},"19":{"start":{"line":25,"column":4},"end":{"line":27,"column":5}},"20":{"start":{"line":26,"column":6},"end":{"line":26,"column":52}},"21":{"start":{"line":28,"column":4},"end":{"line":28,"column":25}},"22":{"start":{"line":31,"column":4},"end":{"line":31,"column":51}},"23":{"start":{"line":34,"column":15},"end":{"line":34,"column":34}},"24":{"start":{"line":37,"column":26},"end":{"line":46,"column":1}},"25":{"start":{"line":38,"column":21},"end":{"line":38,"column":49}},"26":{"start":{"line":39,"column":16},"end":{"line":39,"column":54}},"27":{"start":{"line":40,"column":2},"end":{"line":40,"column":41}},"28":{"start":{"line":40,"column":14},"end":{"line":40,"column":41}},"29":{"start":{"line":41,"column":2},"end":{"line":45,"column":5}},"30":{"start":{"line":42,"column":4},"end":{"line":42,"column":40}},"31":{"start":{"line":42,"column":13},"end":{"line":42,"column":40}},"32":{"start":{"line":43,"column":4},"end":{"line":43,"column":20}},"33":{"start":{"line":44,"column":4},"end":{"line":44,"column":11}},"34":{"start":{"line":48,"column":16},"end":{"line":51,"column":1}},"35":{"start":{"line":49,"column":2},"end":{"line":49,"column":99}},"36":{"start":{"line":49,"column":33},"end":{"line":49,"column":99}},"37":{"start":{"line":50,"column":2},"end":{"line":50,"column":9}},"38":{"start":{"line":53,"column":16},"end":{"line":58,"column":1}},"39":{"start":{"line":54,"column":2},"end":{"line":56,"column":3}},"40":{"start":{"line":55,"column":4},"end":{"line":55,"column":69}},"41":{"start":{"line":57,"column":2},"end":{"line":57,"column":9}},"42":{"start":{"line":61,"column":0},"end":{"line":61,"column":61}},"43":{"start":{"line":61,"column":33},"end":{"line":61,"column":59}},"44":{"start":{"line":63,"column":0},"end":{"line":63,"column":31}}},"fnMap":{"0":{"name":"(anonymous_0)","decl":{"start":{"line":21,"column":15},"end":{"line":21,"column":16}},"loc":{"start":{"line":21,"column":34},"end":{"line":29,"column":3}},"line":21},"1":{"name":"(anonymous_1)","decl":{"start":{"line":30,"column":12},"end":{"line":30,"column":13}},"loc":{"start":{"line":30,"column":31},"end":{"line":32,"column":3}},"line":30},"2":{"name":"(anonymous_2)","decl":{"start":{"line":37,"column":26},"end":{"line":37,"column":27}},"loc":{"start":{"line":37,"column":46},"end":{"line":46,"column":1}},"line":37},"3":{"name":"(anonymous_3)","decl":{"start":{"line":41,"column":32},"end":{"line":41,"column":33}},"loc":{"start":{"line":41,"column":47},"end":{"line":45,"column":3}},"line":41},"4":{"name":"(anonymous_4)","decl":{"start":{"line":48,"column":16},"end":{"line":48,"column":17}},"loc":{"start":{"line":48,"column":36},"end":{"line":51,"column":1}},"line":48},"5":{"name":"(anonymous_5)","decl":{"start":{"line":53,"column":16},"end":{"line":53,"column":17}},"loc":{"start":{"line":53,"column":36},"end":{"line":58,"column":1}},"line":53},"6":{"name":"(anonymous_6)","decl":{"start":{"line":61,"column":19},"end":{"line":61,"column":20}},"loc":{"start":{"line":61,"column":33},"end":{"line":61,"column":59}},"line":61}},"branchMap":{"0":{"loc":{"start":{"line":12,"column":13},"end":{"line":12,"column":37}},"type":"binary-expr","locations":[{"start":{"line":12,"column":13},"end":{"line":12,"column":29}},{"start":{"line":12,"column":33},"end":{"line":12,"column":37}}],"line":12},"1":{"loc":{"start":{"line":13,"column":19},"end":{"line":13,"column":61}},"type":"binary-expr","locations":[{"start":{"line":13,"column":19},"end":{"line":13,"column":41}},{"start":{"line":13,"column":45},"end":{"line":13,"column":61}}],"line":13},"2":{"loc":{"start":{"line":22,"column":19},"end":{"line":22,"column":48}},"type":"binary-expr","locations":[{"start":{"line":22,"column":19},"end":{"line":22,"column":35}},{"start":{"line":22,"column":39},"end":{"line":22,"column":48}}],"line":22},"3":{"loc":{"start":{"line":25,"column":4},"end":{"line":27,"column":5}},"type":"if","locations":[{"start":{"line":25,"column":4},"end":{"line":27,"column":5}},{"start":{},"end":{}}],"line":25},"4":{"loc":{"start":{"line":39,"column":16},"end":{"line":39,"column":54}},"type":"binary-expr","locations":[{"start":{"line":39,"column":16},"end":{"line":39,"column":26}},{"start":{"line":39,"column":30},"end":{"line":39,"column":54}}],"line":39},"5":{"loc":{"start":{"line":40,"column":2},"end":{"line":40,"column":41}},"type":"if","locations":[{"start":{"line":40,"column":2},"end":{"line":40,"column":41}},{"start":{},"end":{}}],"line":40},"6":{"loc":{"start":{"line":42,"column":4},"end":{"line":42,"column":40}},"type":"if","locations":[{"start":{"line":42,"column":4},"end":{"line":42,"column":40}},{"start":{},"end":{}}],"line":42},"7":{"loc":{"start":{"line":49,"column":2},"end":{"line":49,"column":99}},"type":"if","locations":[{"start":{"line":49,"column":2},"end":{"line":49,"column":99}},{"start":{},"end":{}}],"line":49},"8":{"loc":{"start":{"line":54,"column":2},"end":{"line":56,"column":3}},"type":"if","locations":[{"start":{"line":54,"column":2},"end":{"line":56,"column":3}},{"start":{},"end":{}}],"line":54},"9":{"loc":{"start":{"line":54,"column":6},"end":{"line":54,"column":59}},"type":"binary-expr","locations":[{"start":{"line":54,"column":6},"end":{"line":54,"column":31}},{"start":{"line":54,"column":35},"end":{"line":54,"column":59}}],"line":54}},"s":{"0":1,"1":1,"2":1,"3":1,"4":1,"5":1,"6":1,"7":1,"8":1,"9":1,"10":1,"11":1,"12":1,"13":1,"14":1,"15":1,"16":0,"17":0,"18":0,"19":0,"20":0,"21":0,"22":0,"23":1,"24":1,"25":0,"26":0,"27":0,"28":0,"29":0,"30":0,"31":0,"32":0,"33":0,"34":1,"35":0,"36":0,"37":0,"38":1,"39":0,"40":0,"41":0,"42":1,"43":1,"44":1},"f":{"0":0,"1":0,"2":0,"3":0,"4":0,"5":0,"6":1},"b":{"0":[1,0],"1":[1,0],"2":[0,0],"3":[0,0],"4":[0,0],"5":[0,0],"6":[0,0],"7":[0,0],"8":[0,0],"9":[0,0]},"_coverageSchema":"1a1c01bbd47fc00a2c39e90264f33305004495a9","hash":"85b5ea5b07a1f75f2ca745bd64bcfb0eef1c200d"}
,"F:\\Dev\\node.js\\access-control-node-react\\backend\\db.js": {"path":"F:\\Dev\\node.js\\access-control-node-react\\backend\\db.js","statementMap":{"0":{"start":{"line":1,"column":33},"end":{"line":1,"column":53}},"1":{"start":{"line":2,"column":13},"end":{"line":2,"column":28}},"2":{"start":{"line":3,"column":15},"end":{"line":3,"column":32}},"3":{"start":{"line":5,"column":16},"end":{"line":5,"column":50}},"4":{"start":{"line":8,"column":0},"end":{"line":27,"column":1}},"5":{"start":{"line":9,"column":17},"end":{"line":9,"column":57}},"6":{"start":{"line":10,"column":2},"end":{"line":17,"column":5}},"7":{"start":{"line":20,"column":2},"end":{"line":26,"column":5}},"8":{"start":{"line":31,"column":16},"end":{"line":49,"column":2}},"9":{"start":{"line":51,"column":13},"end":{"line":102,"column":2}},"10":{"start":{"line":104,"column":14},"end":{"line":121,"column":2}},"11":{"start":{"line":123,"column":14},"end":{"line":158,"column":2}},"12":{"start":{"line":160,"column":16},"end":{"line":186,"column":2}},"13":{"start":{"line":188,"column":21},"end":{"line":213,"column":2}},"14":{"start":{"line":215,"column":19},"end":{"line":259,"column":2}},"15":{"start":{"line":261,"column":18},"end":{"line":286,"column":2}},"16":{"start":{"line":288,"column":14},"end":{"line":339,"column":2}},"17":{"start":{"line":341,"column":18},"end":{"line":382,"column":2}},"18":{"start":{"line":386,"column":0},"end":{"line":386,"column":65}},"19":{"start":{"line":387,"column":0},"end":{"line":387,"column":69}},"20":{"start":{"line":389,"column":0},"end":{"line":389,"column":67}},"21":{"start":{"line":390,"column":0},"end":{"line":390,"column":70}},"22":{"start":{"line":392,"column":0},"end":{"line":392,"column":71}},"23":{"start":{"line":393,"column":0},"end":{"line":393,"column":72}},"24":{"start":{"line":396,"column":0},"end":{"line":396,"column":120}},"25":{"start":{"line":397,"column":0},"end":{"line":397,"column":118}},"26":{"start":{"line":400,"column":0},"end":{"line":400,"column":112}},"27":{"start":{"line":401,"column":0},"end":{"line":401,"column":112}},"28":{"start":{"line":404,"column":0},"end":{"line":404,"column":116}},"29":{"start":{"line":405,"column":0},"end":{"line":405,"column":132}},"30":{"start":{"line":408,"column":0},"end":{"line":408,"column":84}},"31":{"start":{"line":409,"column":0},"end":{"line":409,"column":64}},"32":{"start":{"line":412,"column":0},"end":{"line":412,"column":86}},"33":{"start":{"line":413,"column":0},"end":{"line":413,"column":68}},"34":{"start":{"line":415,"column":0},"end":{"line":415,"column":86}},"35":{"start":{"line":416,"column":0},"end":{"line":416,"column":68}},"36":{"start":{"line":420,"column":15},"end":{"line":457,"column":1}},"37":{"start":{"line":422,"column":2},"end":{"line":422,"column":25}},"38":{"start":{"line":425,"column":21},"end":{"line":425,"column":67}},"39":{"start":{"line":426,"column":2},"end":{"line":441,"column":3}},"40":{"start":{"line":427,"column":27},"end":{"line":427,"column":55}},"41":{"start":{"line":428,"column":18},"end":{"line":428,"column":41}},"42":{"start":{"line":429,"column":4},"end":{"line":431,"column":5}},"43":{"start":{"line":430,"column":6},"end":{"line":430,"column":66}},"44":{"start":{"line":432,"column":4},"end":{"line":439,"column":7}},"45":{"start":{"line":440,"column":4},"end":{"line":440,"column":68}},"46":{"start":{"line":444,"column":26},"end":{"line":444,"column":77}},"47":{"start":{"line":445,"column":2},"end":{"line":456,"column":3}},"48":{"start":{"line":446,"column":27},"end":{"line":446,"column":60}},"49":{"start":{"line":447,"column":4},"end":{"line":454,"column":7}},"50":{"start":{"line":455,"column":4},"end":{"line":455,"column":83}},"51":{"start":{"line":460,"column":0},"end":{"line":473,"column":2}}},"fnMap":{"0":{"name":"(anonymous_0)","decl":{"start":{"line":420,"column":15},"end":{"line":420,"column":16}},"loc":{"start":{"line":420,"column":27},"end":{"line":457,"column":1}},"line":420}},"branchMap":{"0":{"loc":{"start":{"line":5,"column":16},"end":{"line":5,"column":50}},"type":"binary-expr","locations":[{"start":{"line":5,"column":16},"end":{"line":5,"column":38}},{"start":{"line":5,"column":42},"end":{"line":5,"column":50}}],"line":5},"1":{"loc":{"start":{"line":8,"column":0},"end":{"line":27,"column":1}},"type":"if","locations":[{"start":{"line":8,"column":0},"end":{"line":27,"column":1}},{"start":{"line":18,"column":7},"end":{"line":27,"column":1}}],"line":8},"2":{"loc":{"start":{"line":9,"column":17},"end":{"line":9,"column":57}},"type":"binary-expr","locations":[{"start":{"line":9,"column":17},"end":{"line":9,"column":36}},{"start":{"line":9,"column":40},"end":{"line":9,"column":57}}],"line":9},"3":{"loc":{"start":{"line":12,"column":13},"end":{"line":12,"column":76}},"type":"cond-expr","locations":[{"start":{"line":12,"column":39},"end":{"line":12,"column":45}},{"start":{"line":12,"column":48},"end":{"line":12,"column":76}}],"line":12},"4":{"loc":{"start":{"line":426,"column":2},"end":{"line":441,"column":3}},"type":"if","locations":[{"start":{"line":426,"column":2},"end":{"line":441,"column":3}},{"start":{},"end":{}}],"line":426},"5":{"loc":{"start":{"line":429,"column":4},"end":{"line":431,"column":5}},"type":"if","locations":[{"start":{"line":429,"column":4},"end":{"line":431,"column":5}},{"start":{},"end":{}}],"line":429},"6":{"loc":{"start":{"line":445,"column":2},"end":{"line":456,"column":3}},"type":"if","locations":[{"start":{"line":445,"column":2},"end":{"line":456,"column":3}},{"start":{},"end":{}}],"line":445}},"s":{"0":1,"1":1,"2":1,"3":1,"4":1,"5":1,"6":1,"7":0,"8":1,"9":1,"10":1,"11":1,"12":1,"13":1,"14":1,"15":1,"16":1,"17":1,"18":1,"19":1,"20":1,"21":1,"22":1,"23":1,"24":1,"25":1,"26":1,"27":1,"28":1,"29":1,"30":1,"31":1,"32":1,"33":1,"34":1,"35":1,"36":1,"37":0,"38":0,"39":0,"40":0,"41":0,"42":0,"43":0,"44":0,"45":0,"46":0,"47":0,"48":0,"49":0,"50":0,"51":1},"f":{"0":0},"b":{"0":[1,1],"1":[1,0],"2":[1,1],"3":[0,1],"4":[0,0],"5":[0,0],"6":[0,0]},"_coverageSchema":"1a1c01bbd47fc00a2c39e90264f33305004495a9","hash":"d6a6f7e2ddcd8bf1da97882e0d284acde128dd54"}
}
