{"F:\\Dev\\node.js\\access-control-node-react\\backend\\app.js": {"path":"F:\\Dev\\node.js\\access-control-node-react\\backend\\app.js","statementMap":{"0":{"start":{"line":1,"column":16},"end":{"line":1,"column":34}},"1":{"start":{"line":2,"column":13},"end":{"line":2,"column":28}},"2":{"start":{"line":3,"column":12},"end":{"line":3,"column":35}},"3":{"start":{"line":4,"column":15},"end":{"line":4,"column":32}},"4":{"start":{"line":5,"column":11},"end":{"line":5,"column":26}},"5":{"start":{"line":6,"column":15},"end":{"line":6,"column":32}},"6":{"start":{"line":7,"column":13},"end":{"line":7,"column":28}},"7":{"start":{"line":8,"column":14},"end":{"line":8,"column":30}},"8":{"start":{"line":9,"column":0},"end":{"line":9,"column":27}},"9":{"start":{"line":11,"column":12},"end":{"line":11,"column":21}},"10":{"start":{"line":12,"column":13},"end":{"line":12,"column":37}},"11":{"start":{"line":13,"column":19},"end":{"line":13,"column":61}},"12":{"start":{"line":15,"column":0},"end":{"line":15,"column":16}},"13":{"start":{"line":16,"column":0},"end":{"line":16,"column":24}},"14":{"start":{"line":17,"column":0},"end":{"line":17,"column":69}},"15":{"start":{"line":20,"column":16},"end":{"line":33,"column":2}},"16":{"start":{"line":22,"column":19},"end":{"line":22,"column":48}},"17":{"start":{"line":23,"column":23},"end":{"line":23,"column":62}},"18":{"start":{"line":24,"column":15},"end":{"line":24,"column":28}},"19":{"start":{"line":25,"column":4},"end":{"line":27,"column":5}},"20":{"start":{"line":26,"column":6},"end":{"line":26,"column":52}},"21":{"start":{"line":28,"column":4},"end":{"line":28,"column":25}},"22":{"start":{"line":31,"column":4},"end":{"line":31,"column":51}},"23":{"start":{"line":34,"column":15},"end":{"line":34,"column":34}},"24":{"start":{"line":37,"column":26},"end":{"line":46,"column":1}},"25":{"start":{"line":38,"column":21},"end":{"line":38,"column":49}},"26":{"start":{"line":39,"column":16},"end":{"line":39,"column":54}},"27":{"start":{"line":40,"column":2},"end":{"line":40,"column":41}},"28":{"start":{"line":40,"column":14},"end":{"line":40,"column":41}},"29":{"start":{"line":41,"column":2},"end":{"line":45,"column":5}},"30":{"start":{"line":42,"column":4},"end":{"line":42,"column":40}},"31":{"start":{"line":42,"column":13},"end":{"line":42,"column":40}},"32":{"start":{"line":43,"column":4},"end":{"line":43,"column":20}},"33":{"start":{"line":44,"column":4},"end":{"line":44,"column":11}},"34":{"start":{"line":48,"column":16},"end":{"line":51,"column":1}},"35":{"start":{"line":49,"column":2},"end":{"line":49,"column":99}},"36":{"start":{"line":49,"column":33},"end":{"line":49,"column":99}},"37":{"start":{"line":50,"column":2},"end":{"line":50,"column":9}},"38":{"start":{"line":53,"column":16},"end":{"line":58,"column":1}},"39":{"start":{"line":54,"column":2},"end":{"line":56,"column":3}},"40":{"start":{"line":55,"column":4},"end":{"line":55,"column":69}},"41":{"start":{"line":57,"column":2},"end":{"line":57,"column":9}},"42":{"start":{"line":61,"column":0},"end":{"line":61,"column":61}},"43":{"start":{"line":61,"column":33},"end":{"line":61,"column":59}},"44":{"start":{"line":63,"column":0},"end":{"line":63,"column":31}}},"fnMap":{"0":{"name":"(anonymous_0)","decl":{"start":{"line":21,"column":15},"end":{"line":21,"column":16}},"loc":{"start":{"line":21,"column":34},"end":{"line":29,"column":3}},"line":21},"1":{"name":"(anonymous_1)","decl":{"start":{"line":30,"column":12},"end":{"line":30,"column":13}},"loc":{"start":{"line":30,"column":31},"end":{"line":32,"column":3}},"line":30},"2":{"name":"(anonymous_2)","decl":{"start":{"line":37,"column":26},"end":{"line":37,"column":27}},"loc":{"start":{"line":37,"column":46},"end":{"line":46,"column":1}},"line":37},"3":{"name":"(anonymous_3)","decl":{"start":{"line":41,"column":32},"end":{"line":41,"column":33}},"loc":{"start":{"line":41,"column":47},"end":{"line":45,"column":3}},"line":41},"4":{"name":"(anonymous_4)","decl":{"start":{"line":48,"column":16},"end":{"line":48,"column":17}},"loc":{"start":{"line":48,"column":36},"end":{"line":51,"column":1}},"line":48},"5":{"name":"(anonymous_5)","decl":{"start":{"line":53,"column":16},"end":{"line":53,"column":17}},"loc":{"start":{"line":53,"column":36},"end":{"line":58,"column":1}},"line":53},"6":{"name":"(anonymous_6)","decl":{"start":{"line":61,"column":19},"end":{"line":61,"column":20}},"loc":{"start":{"line":61,"column":33},"end":{"line":61,"column":59}},"line":61}},"branchMap":{"0":{"loc":{"start":{"line":12,"column":13},"end":{"line":12,"column":37}},"type":"binary-expr","locations":[{"start":{"line":12,"column":13},"end":{"line":12,"column":29}},{"start":{"line":12,"column":33},"end":{"line":12,"column":37}}],"line":12},"1":{"loc":{"start":{"line":13,"column":19},"end":{"line":13,"column":61}},"type":"binary-expr","locations":[{"start":{"line":13,"column":19},"end":{"line":13,"column":41}},{"start":{"line":13,"column":45},"end":{"line":13,"column":61}}],"line":13},"2":{"loc":{"start":{"line":22,"column":19},"end":{"line":22,"column":48}},"type":"binary-expr","locations":[{"start":{"line":22,"column":19},"end":{"line":22,"column":35}},{"start":{"line":22,"column":39},"end":{"line":22,"column":48}}],"line":22},"3":{"loc":{"start":{"line":25,"column":4},"end":{"line":27,"column":5}},"type":"if","locations":[{"start":{"line":25,"column":4},"end":{"line":27,"column":5}},{"start":{},"end":{}}],"line":25},"4":{"loc":{"start":{"line":39,"column":16},"end":{"line":39,"column":54}},"type":"binary-expr","locations":[{"start":{"line":39,"column":16},"end":{"line":39,"column":26}},{"start":{"line":39,"column":30},"end":{"line":39,"column":54}}],"line":39},"5":{"loc":{"start":{"line":40,"column":2},"end":{"line":40,"column":41}},"type":"if","locations":[{"start":{"line":40,"column":2},"end":{"line":40,"column":41}},{"start":{},"end":{}}],"line":40},"6":{"loc":{"start":{"line":42,"column":4},"end":{"line":42,"column":40}},"type":"if","locations":[{"start":{"line":42,"column":4},"end":{"line":42,"column":40}},{"start":{},"end":{}}],"line":42},"7":{"loc":{"start":{"line":49,"column":2},"end":{"line":49,"column":99}},"type":"if","locations":[{"start":{"line":49,"column":2},"end":{"line":49,"column":99}},{"start":{},"end":{}}],"line":49},"8":{"loc":{"start":{"line":54,"column":2},"end":{"line":56,"column":3}},"type":"if","locations":[{"start":{"line":54,"column":2},"end":{"line":56,"column":3}},{"start":{},"end":{}}],"line":54},"9":{"loc":{"start":{"line":54,"column":6},"end":{"line":54,"column":59}},"type":"binary-expr","locations":[{"start":{"line":54,"column":6},"end":{"line":54,"column":31}},{"start":{"line":54,"column":35},"end":{"line":54,"column":59}}],"line":54}},"s":{"0":1,"1":1,"2":1,"3":1,"4":1,"5":1,"6":1,"7":1,"8":1,"9":1,"10":1,"11":1,"12":1,"13":1,"14":1,"15":1,"16":0,"17":0,"18":0,"19":0,"20":0,"21":0,"22":0,"23":1,"24":1,"25":0,"26":0,"27":0,"28":0,"29":0,"30":0,"31":0,"32":0,"33":0,"34":1,"35":0,"36":0,"37":0,"38":1,"39":0,"40":0,"41":0,"42":1,"43":1,"44":1},"f":{"0":0,"1":0,"2":0,"3":0,"4":0,"5":0,"6":1},"b":{"0":[1,0],"1":[1,0],"2":[0,0],"3":[0,0],"4":[0,0],"5":[0,0],"6":[0,0],"7":[0,0],"8":[0,0],"9":[0,0]},"_coverageSchema":"1a1c01bbd47fc00a2c39e90264f33305004495a9","hash":"85b5ea5b07a1f75f2ca745bd64bcfb0eef1c200d"}
,"F:\\Dev\\node.js\\access-control-node-react\\backend\\db.js": {"path":"F:\\Dev\\node.js\\access-control-node-react\\backend\\db.js","statementMap":{"0":{"start":{"line":1,"column":0},"end":{"line":1,"column":27}},"1":{"start":{"line":2,"column":33},"end":{"line":2,"column":53}},"2":{"start":{"line":3,"column":13},"end":{"line":3,"column":28}},"3":{"start":{"line":4,"column":15},"end":{"line":4,"column":32}},"4":{"start":{"line":6,"column":16},"end":{"line":6,"column":50}},"5":{"start":{"line":9,"column":0},"end":{"line":28,"column":1}},"6":{"start":{"line":10,"column":17},"end":{"line":10,"column":57}},"7":{"start":{"line":11,"column":2},"end":{"line":18,"column":5}},"8":{"start":{"line":21,"column":2},"end":{"line":27,"column":5}},"9":{"start":{"line":32,"column":16},"end":{"line":50,"column":2}},"10":{"start":{"line":52,"column":13},"end":{"line":103,"column":2}},"11":{"start":{"line":105,"column":14},"end":{"line":122,"column":2}},"12":{"start":{"line":124,"column":14},"end":{"line":159,"column":2}},"13":{"start":{"line":161,"column":16},"end":{"line":187,"column":2}},"14":{"start":{"line":189,"column":21},"end":{"line":214,"column":2}},"15":{"start":{"line":216,"column":19},"end":{"line":248,"column":2}},"16":{"start":{"line":250,"column":18},"end":{"line":275,"column":2}},"17":{"start":{"line":277,"column":14},"end":{"line":332,"column":2}},"18":{"start":{"line":334,"column":18},"end":{"line":375,"column":2}},"19":{"start":{"line":379,"column":0},"end":{"line":379,"column":65}},"20":{"start":{"line":380,"column":0},"end":{"line":380,"column":69}},"21":{"start":{"line":382,"column":0},"end":{"line":382,"column":67}},"22":{"start":{"line":383,"column":0},"end":{"line":383,"column":70}},"23":{"start":{"line":385,"column":0},"end":{"line":385,"column":71}},"24":{"start":{"line":386,"column":0},"end":{"line":386,"column":72}},"25":{"start":{"line":389,"column":0},"end":{"line":389,"column":120}},"26":{"start":{"line":390,"column":0},"end":{"line":390,"column":118}},"27":{"start":{"line":393,"column":0},"end":{"line":393,"column":112}},"28":{"start":{"line":394,"column":0},"end":{"line":394,"column":112}},"29":{"start":{"line":396,"column":0},"end":{"line":396,"column":94}},"30":{"start":{"line":397,"column":0},"end":{"line":397,"column":69}},"31":{"start":{"line":398,"column":0},"end":{"line":398,"column":94}},"32":{"start":{"line":399,"column":0},"end":{"line":399,"column":69}},"33":{"start":{"line":402,"column":0},"end":{"line":402,"column":116}},"34":{"start":{"line":403,"column":0},"end":{"line":403,"column":132}},"35":{"start":{"line":406,"column":0},"end":{"line":406,"column":84}},"36":{"start":{"line":407,"column":0},"end":{"line":407,"column":64}},"37":{"start":{"line":410,"column":0},"end":{"line":410,"column":86}},"38":{"start":{"line":411,"column":0},"end":{"line":411,"column":68}},"39":{"start":{"line":413,"column":0},"end":{"line":413,"column":86}},"40":{"start":{"line":414,"column":0},"end":{"line":414,"column":68}},"41":{"start":{"line":418,"column":15},"end":{"line":455,"column":1}},"42":{"start":{"line":420,"column":2},"end":{"line":420,"column":25}},"43":{"start":{"line":423,"column":21},"end":{"line":423,"column":67}},"44":{"start":{"line":424,"column":2},"end":{"line":439,"column":3}},"45":{"start":{"line":425,"column":27},"end":{"line":425,"column":55}},"46":{"start":{"line":426,"column":18},"end":{"line":426,"column":41}},"47":{"start":{"line":427,"column":4},"end":{"line":429,"column":5}},"48":{"start":{"line":428,"column":6},"end":{"line":428,"column":66}},"49":{"start":{"line":430,"column":4},"end":{"line":437,"column":7}},"50":{"start":{"line":438,"column":4},"end":{"line":438,"column":68}},"51":{"start":{"line":442,"column":26},"end":{"line":442,"column":77}},"52":{"start":{"line":443,"column":2},"end":{"line":454,"column":3}},"53":{"start":{"line":444,"column":27},"end":{"line":444,"column":60}},"54":{"start":{"line":445,"column":4},"end":{"line":452,"column":7}},"55":{"start":{"line":453,"column":4},"end":{"line":453,"column":83}},"56":{"start":{"line":458,"column":0},"end":{"line":471,"column":2}}},"fnMap":{"0":{"name":"(anonymous_0)","decl":{"start":{"line":418,"column":15},"end":{"line":418,"column":16}},"loc":{"start":{"line":418,"column":27},"end":{"line":455,"column":1}},"line":418}},"branchMap":{"0":{"loc":{"start":{"line":6,"column":16},"end":{"line":6,"column":50}},"type":"binary-expr","locations":[{"start":{"line":6,"column":16},"end":{"line":6,"column":38}},{"start":{"line":6,"column":42},"end":{"line":6,"column":50}}],"line":6},"1":{"loc":{"start":{"line":9,"column":0},"end":{"line":28,"column":1}},"type":"if","locations":[{"start":{"line":9,"column":0},"end":{"line":28,"column":1}},{"start":{"line":19,"column":7},"end":{"line":28,"column":1}}],"line":9},"2":{"loc":{"start":{"line":10,"column":17},"end":{"line":10,"column":57}},"type":"binary-expr","locations":[{"start":{"line":10,"column":17},"end":{"line":10,"column":36}},{"start":{"line":10,"column":40},"end":{"line":10,"column":57}}],"line":10},"3":{"loc":{"start":{"line":13,"column":13},"end":{"line":13,"column":76}},"type":"cond-expr","locations":[{"start":{"line":13,"column":39},"end":{"line":13,"column":45}},{"start":{"line":13,"column":48},"end":{"line":13,"column":76}}],"line":13},"4":{"loc":{"start":{"line":424,"column":2},"end":{"line":439,"column":3}},"type":"if","locations":[{"start":{"line":424,"column":2},"end":{"line":439,"column":3}},{"start":{},"end":{}}],"line":424},"5":{"loc":{"start":{"line":427,"column":4},"end":{"line":429,"column":5}},"type":"if","locations":[{"start":{"line":427,"column":4},"end":{"line":429,"column":5}},{"start":{},"end":{}}],"line":427},"6":{"loc":{"start":{"line":443,"column":2},"end":{"line":454,"column":3}},"type":"if","locations":[{"start":{"line":443,"column":2},"end":{"line":454,"column":3}},{"start":{},"end":{}}],"line":443}},"s":{"0":1,"1":1,"2":1,"3":1,"4":1,"5":1,"6":0,"7":0,"8":1,"9":1,"10":1,"11":1,"12":1,"13":1,"14":1,"15":1,"16":1,"17":1,"18":1,"19":1,"20":1,"21":1,"22":1,"23":1,"24":1,"25":1,"26":1,"27":1,"28":1,"29":1,"30":1,"31":1,"32":1,"33":1,"34":1,"35":1,"36":1,"37":1,"38":1,"39":1,"40":1,"41":1,"42":0,"43":0,"44":0,"45":0,"46":0,"47":0,"48":0,"49":0,"50":0,"51":0,"52":0,"53":0,"54":0,"55":0,"56":1},"f":{"0":0},"b":{"0":[1,0],"1":[0,1],"2":[0,0],"3":[0,0],"4":[0,0],"5":[0,0],"6":[0,0]},"_coverageSchema":"1a1c01bbd47fc00a2c39e90264f33305004495a9","hash":"b9e5c4884eeea45d62d2c47ac7b051fe1a8f2dcd"}
}
