TN:
SF:app.js
FN:21,(anonymous_0)
FN:30,(anonymous_1)
FN:37,(anonymous_2)
FN:41,(anonymous_3)
FN:48,(anonymous_4)
FN:53,(anonymous_5)
FN:61,(anonymous_6)
FNF:7
FNH:1
FNDA:0,(anonymous_0)
FNDA:0,(anonymous_1)
FNDA:0,(anonymous_2)
FNDA:0,(anonymous_3)
FNDA:0,(anonymous_4)
FNDA:0,(anonymous_5)
FNDA:1,(anonymous_6)
DA:1,1
DA:2,1
DA:3,1
DA:4,1
DA:5,1
DA:6,1
DA:7,1
DA:8,1
DA:9,1
DA:11,1
DA:12,1
DA:13,1
DA:15,1
DA:16,1
DA:17,1
DA:20,1
DA:22,0
DA:23,0
DA:24,0
DA:25,0
DA:26,0
DA:28,0
DA:31,0
DA:34,1
DA:37,1
DA:38,0
DA:39,0
DA:40,0
DA:41,0
DA:42,0
DA:43,0
DA:44,0
DA:48,1
DA:49,0
DA:50,0
DA:53,1
DA:54,0
DA:55,0
DA:57,0
DA:61,1
DA:63,1
LF:41
LH:22
BRDA:12,0,0,1
BRDA:12,0,1,0
BRDA:13,1,0,1
BRDA:13,1,1,0
BRDA:22,2,0,0
BRDA:22,2,1,0
BRDA:25,3,0,0
BRDA:25,3,1,0
BRDA:39,4,0,0
BRDA:39,4,1,0
BRDA:40,5,0,0
BRDA:40,5,1,0
BRDA:42,6,0,0
BRDA:42,6,1,0
BRDA:49,7,0,0
BRDA:49,7,1,0
BRDA:54,8,0,0
BRDA:54,8,1,0
BRDA:54,9,0,0
BRDA:54,9,1,0
BRF:20
BRH:2
end_of_record
TN:
SF:db.js
FN:420,(anonymous_0)
FNF:1
FNH:0
FNDA:0,(anonymous_0)
DA:1,1
DA:2,1
DA:3,1
DA:5,1
DA:8,1
DA:9,1
DA:10,1
DA:20,0
DA:31,1
DA:51,1
DA:104,1
DA:123,1
DA:160,1
DA:188,1
DA:215,1
DA:261,1
DA:288,1
DA:341,1
DA:386,1
DA:387,1
DA:389,1
DA:390,1
DA:392,1
DA:393,1
DA:396,1
DA:397,1
DA:400,1
DA:401,1
DA:404,1
DA:405,1
DA:408,1
DA:409,1
DA:412,1
DA:413,1
DA:415,1
DA:416,1
DA:420,1
DA:422,0
DA:425,0
DA:426,0
DA:427,0
DA:428,0
DA:429,0
DA:430,0
DA:432,0
DA:440,0
DA:444,0
DA:445,0
DA:446,0
DA:447,0
DA:455,0
DA:460,1
LF:52
LH:37
BRDA:5,0,0,1
BRDA:5,0,1,1
BRDA:8,1,0,1
BRDA:8,1,1,0
BRDA:9,2,0,1
BRDA:9,2,1,1
BRDA:12,3,0,0
BRDA:12,3,1,1
BRDA:426,4,0,0
BRDA:426,4,1,0
BRDA:429,5,0,0
BRDA:429,5,1,0
BRDA:445,6,0,0
BRDA:445,6,1,0
BRF:14
BRH:6
end_of_record
